[21:12:57] [Client thread/INFO]: Setting user: Player188
[21:12:58] [Client thread/INFO]: LWJGL Version: 2.9.1
[21:13:02] [Client thread/INFO]: Reloading ResourceManager: Default, FMLFileResourcePack:Forge Mod Loader, FMLFileResourcePack:Minecraft Forge, FMLFileResourcePack:Example Mod
[21:13:02] [Client thread/ERROR]: Couldn't initialize twitch stream
[21:13:02] [Sound Library Loader/INFO]: Starting up SoundSystem...
[21:13:02] [Thread-8/INFO]: Initializing LWJGL OpenAL
[21:13:02] [Thread-8/INFO]: (The LWJGL binding of OpenAL.  For more information, see http://www.lwjgl.org)
[21:13:03] [Thread-8/ERROR]: Error in class 'LibraryLWJGLOpenAL'
[21:13:03] [Thread-8/ERROR]: Unable to initialize OpenAL.  Probable cause: OpenAL not supported.
[21:13:03] [Thread-8/WARN]: ERROR MESSAGE:
[21:13:03] [Thread-8/INFO]: Could not locate OpenAL library.
[21:13:03] [Thread-8/WARN]: STACK TRACE:
[21:13:03] [Thread-8/INFO]: org.lwjgl.openal.AL.create(AL.java:151)
[21:13:03] [Thread-8/INFO]: org.lwjgl.openal.AL.create(AL.java:102)
[21:13:03] [Thread-8/INFO]: org.lwjgl.openal.AL.create(AL.java:201)
[21:13:03] [Thread-8/INFO]: paulscode.sound.libraries.LibraryLWJGLOpenAL.init(LibraryLWJGLOpenAL.java:164)
[21:13:03] [Thread-8/INFO]: paulscode.sound.SoundSystem.CommandNewLibrary(SoundSystem.java:1576)
[21:13:03] [Thread-8/INFO]: paulscode.sound.SoundSystem.CommandQueue(SoundSystem.java:2572)
[21:13:03] [Thread-8/INFO]: paulscode.sound.CommandThread.run(CommandThread.java:121)
[21:13:03] [Sound Library Loader/WARN]: ERROR MESSAGE:
[21:13:03] [Sound Library Loader/INFO]: Could not locate OpenAL library.
[21:13:03] [Sound Library Loader/INFO]: Starting up SoundSystem...
[21:13:03] [Thread-10/INFO]: Switching to No Sound
[21:13:03] [Thread-10/INFO]: (Silent Mode)
